{"/Users/ericmorrison/Documents/code/playground/custom-npm-packages/jotsy/src/index.ts": {"path":"/Users/ericmorrison/Documents/code/playground/custom-npm-packages/jotsy/src/index.ts","statementMap":{"0":{"start":{"line":1,"column":0},"end":{"line":1,"column":25}},"1":{"start":{"line":2,"column":0},"end":{"line":2,"column":26}},"2":{"start":{"line":3,"column":0},"end":{"line":3,"column":28}},"3":{"start":{"line":5,"column":0},"end":{"line":5,"column":31}},"4":{"start":{"line":6,"column":0},"end":{"line":6,"column":40}},"5":{"start":{"line":10,"column":16},"end":{"line":10,"column":54}},"6":{"start":{"line":10,"column":37},"end":{"line":10,"column":48}},"7":{"start":{"line":10,"column":53},"end":{"line":11,"column":null}},"8":{"start":{"line":10,"column":54},"end":{"line":10,"column":65}},"9":{"start":{"line":11,"column":2},"end":{"line":11,"column":null}},"10":{"start":{"line":11,"column":31},"end":{"line":11,"column":58}},"11":{"start":{"line":15,"column":14},"end":{"line":16,"column":4}},"12":{"start":{"line":15,"column":42},"end":{"line":15,"column":60}},"13":{"start":{"line":16,"column":2},"end":{"line":18,"column":null}},"14":{"start":{"line":18,"column":7},"end":{"line":18,"column":25}},"15":{"start":{"line":18,"column":30},"end":{"line":18,"column":57}},"16":{"start":{"line":22,"column":13},"end":{"line":22,"column":null}},"17":{"start":{"line":22,"column":73},"end":{"line":24,"column":null}},"18":{"start":{"line":24,"column":5},"end":{"line":24,"column":null}},"19":{"start":{"line":26,"column":16},"end":{"line":31,"column":1}},"20":{"start":{"line":28,"column":19},"end":{"line":28,"column":43}},"21":{"start":{"line":30,"column":2},"end":{"line":30,"column":null}},"22":{"start":{"line":35,"column":21},"end":{"line":35,"column":31}},"23":{"start":{"line":35,"column":27},"end":{"line":35,"column":null}},"24":{"start":{"line":39,"column":24},"end":{"line":54,"column":1}},"25":{"start":{"line":40,"column":16},"end":{"line":40,"column":39}},"26":{"start":{"line":41,"column":16},"end":{"line":41,"column":33}},"27":{"start":{"line":42,"column":20},"end":{"line":42,"column":35}},"28":{"start":{"line":43,"column":18},"end":{"line":43,"column":45}},"29":{"start":{"line":45,"column":17},"end":{"line":49,"column":3}},"30":{"start":{"line":46,"column":4},"end":{"line":46,"column":null}},"31":{"start":{"line":46,"column":11},"end":{"line":46,"column":null}},"32":{"start":{"line":47,"column":4},"end":{"line":47,"column":null}},"33":{"start":{"line":47,"column":11},"end":{"line":47,"column":null}},"34":{"start":{"line":48,"column":4},"end":{"line":48,"column":null}},"35":{"start":{"line":51,"column":14},"end":{"line":51,"column":45}},"36":{"start":{"line":53,"column":2},"end":{"line":53,"column":null}},"37":{"start":{"line":58,"column":14},"end":{"line":58,"column":37}},"38":{"start":{"line":58,"column":33},"end":{"line":58,"column":null}},"39":{"start":{"line":62,"column":12},"end":{"line":62,"column":32}},"40":{"start":{"line":62,"column":31},"end":{"line":64,"column":null}},"41":{"start":{"line":62,"column":68},"end":{"line":64,"column":null}},"42":{"start":{"line":68,"column":17},"end":{"line":72,"column":6}},"43":{"start":{"line":71,"column":2},"end":{"line":71,"column":null}},"44":{"start":{"line":72,"column":5},"end":{"line":98,"column":null}},"45":{"start":{"line":73,"column":15},"end":{"line":73,"column":25}},"46":{"start":{"line":76,"column":2},"end":{"line":78,"column":null}},"47":{"start":{"line":77,"column":4},"end":{"line":77,"column":null}},"48":{"start":{"line":80,"column":2},"end":{"line":93,"column":null}},"49":{"start":{"line":81,"column":18},"end":{"line":81,"column":33}},"50":{"start":{"line":83,"column":4},"end":{"line":85,"column":null}},"51":{"start":{"line":84,"column":6},"end":{"line":84,"column":null}},"52":{"start":{"line":87,"column":10},"end":{"line":87,"column":12}},"53":{"start":{"line":87,"column":12},"end":{"line":87,"column":21}},"54":{"start":{"line":87,"column":23},"end":{"line":87,"column":28}},"55":{"start":{"line":87,"column":30},"end":{"line":87,"column":64}},"56":{"start":{"line":89,"column":4},"end":{"line":89,"column":79}},"57":{"start":{"line":89,"column":19},"end":{"line":89,"column":79}},"58":{"start":{"line":90,"column":4},"end":{"line":90,"column":67}},"59":{"start":{"line":90,"column":15},"end":{"line":90,"column":67}},"60":{"start":{"line":92,"column":4},"end":{"line":92,"column":null}},"61":{"start":{"line":95,"column":22},"end":{"line":95,"column":74}},"62":{"start":{"line":97,"column":2},"end":{"line":97,"column":41}},"63":{"start":{"line":102,"column":17},"end":{"line":103,"column":3}},"64":{"start":{"line":103,"column":2},"end":{"line":105,"column":null}},"65":{"start":{"line":107,"column":13},"end":{"line":107,"column":79}},"66":{"start":{"line":111,"column":13},"end":{"line":111,"column":51}},"67":{"start":{"line":115,"column":14},"end":{"line":148,"column":1}},"68":{"start":{"line":116,"column":15},"end":{"line":116,"column":30}},"69":{"start":{"line":118,"column":23},"end":{"line":118,"column":60}},"70":{"start":{"line":120,"column":25},"end":{"line":124,"column":null}},"71":{"start":{"line":126,"column":24},"end":{"line":126,"column":68}},"72":{"start":{"line":128,"column":14},"end":{"line":128,"column":51}},"73":{"start":{"line":130,"column":2},"end":{"line":134,"column":null}},"74":{"start":{"line":131,"column":4},"end":{"line":131,"column":null}},"75":{"start":{"line":133,"column":4},"end":{"line":133,"column":null}},"76":{"start":{"line":136,"column":10},"end":{"line":136,"column":22}},"77":{"start":{"line":139,"column":10},"end":{"line":139,"column":22}},"78":{"start":{"line":143,"column":2},"end":{"line":143,"column":null}},"79":{"start":{"line":144,"column":2},"end":{"line":144,"column":null}},"80":{"start":{"line":145,"column":2},"end":{"line":145,"column":null}},"81":{"start":{"line":147,"column":2},"end":{"line":147,"column":null}},"82":{"start":{"line":150,"column":17},"end":{"line":184,"column":1}},"83":{"start":{"line":152,"column":8},"end":{"line":152,"column":9}},"84":{"start":{"line":152,"column":9},"end":{"line":152,"column":21}},"85":{"start":{"line":152,"column":23},"end":{"line":152,"column":70}},"86":{"start":{"line":155,"column":8},"end":{"line":155,"column":11}},"87":{"start":{"line":155,"column":11},"end":{"line":155,"column":60}},"88":{"start":{"line":158,"column":8},"end":{"line":158,"column":11}},"89":{"start":{"line":158,"column":11},"end":{"line":158,"column":61}},"90":{"start":{"line":161,"column":27},"end":{"line":161,"column":60}},"91":{"start":{"line":162,"column":29},"end":{"line":162,"column":64}},"92":{"start":{"line":165,"column":19},"end":{"line":165,"column":75}},"93":{"start":{"line":168,"column":20},"end":{"line":168,"column":58}},"94":{"start":{"line":171,"column":19},"end":{"line":174,"column":null}},"95":{"start":{"line":177,"column":16},"end":{"line":177,"column":60}},"96":{"start":{"line":180,"column":18},"end":{"line":180,"column":39}},"97":{"start":{"line":183,"column":2},"end":{"line":183,"column":null}},"98":{"start":{"line":188,"column":13},"end":{"line":188,"column":44}},"99":{"start":{"line":188,"column":43},"end":{"line":194,"column":null}},"100":{"start":{"line":188,"column":44},"end":{"line":188,"column":58}},"101":{"start":{"line":189,"column":2},"end":{"line":193,"column":null}},"102":{"start":{"line":190,"column":4},"end":{"line":190,"column":null}},"103":{"start":{"line":192,"column":4},"end":{"line":192,"column":null}},"104":{"start":{"line":198,"column":20},"end":{"line":198,"column":59}},"105":{"start":{"line":200,"column":13},"end":{"line":201,"column":null}},"106":{"start":{"line":201,"column":2},"end":{"line":201,"column":null}},"107":{"start":{"line":203,"column":12},"end":{"line":208,"column":null}},"108":{"start":{"line":205,"column":28},"end":{"line":205,"column":null}},"109":{"start":{"line":206,"column":28},"end":{"line":206,"column":null}},"110":{"start":{"line":207,"column":29},"end":{"line":207,"column":null}},"111":{"start":{"line":210,"column":0},"end":{"line":210,"column":25}}},"fnMap":{"0":{"name":"(anonymous_5)","decl":{"start":{"line":10,"column":16},"end":{"line":10,"column":37}},"loc":{"start":{"line":10,"column":16},"end":{"line":10,"column":54}}},"1":{"name":"(anonymous_6)","decl":{"start":{"line":10,"column":53},"end":{"line":10,"column":54}},"loc":{"start":{"line":10,"column":53},"end":{"line":11,"column":5}}},"2":{"name":"(anonymous_7)","decl":{"start":{"line":11,"column":18},"end":{"line":11,"column":19}},"loc":{"start":{"line":11,"column":26},"end":{"line":11,"column":33}}},"3":{"name":"(anonymous_8)","decl":{"start":{"line":15,"column":14},"end":{"line":15,"column":35}},"loc":{"start":{"line":15,"column":40},"end":{"line":16,"column":4}}},"4":{"name":"(anonymous_9)","decl":{"start":{"line":18,"column":6},"end":{"line":18,"column":7}},"loc":{"start":{"line":18,"column":6},"end":{"line":18,"column":35}}},"5":{"name":"(anonymous_10)","decl":{"start":{"line":22,"column":13},"end":{"line":22,"column":54}},"loc":{"start":{"line":22,"column":68},"end":{"line":22,"column":null}}},"6":{"name":"(anonymous_11)","decl":{"start":{"line":22,"column":73},"end":{"line":22,"column":null}},"loc":{"start":{"line":23,"column":12},"end":{"line":24,"column":6}}},"7":{"name":"(anonymous_12)","decl":{"start":{"line":26,"column":16},"end":{"line":26,"column":17}},"loc":{"start":{"line":26,"column":30},"end":{"line":31,"column":1}}},"8":{"name":"(anonymous_13)","decl":{"start":{"line":35,"column":21},"end":{"line":35,"column":27}},"loc":{"start":{"line":35,"column":21},"end":{"line":35,"column":31}}},"9":{"name":"(anonymous_14)","decl":{"start":{"line":39,"column":24},"end":{"line":39,"column":25}},"loc":{"start":{"line":39,"column":38},"end":{"line":54,"column":1}}},"10":{"name":"(anonymous_15)","decl":{"start":{"line":45,"column":17},"end":{"line":45,"column":18}},"loc":{"start":{"line":45,"column":51},"end":{"line":49,"column":3}}},"11":{"name":"(anonymous_16)","decl":{"start":{"line":58,"column":14},"end":{"line":58,"column":15}},"loc":{"start":{"line":58,"column":28},"end":{"line":58,"column":37}}},"12":{"name":"(anonymous_17)","decl":{"start":{"line":62,"column":12},"end":{"line":62,"column":13}},"loc":{"start":{"line":62,"column":26},"end":{"line":62,"column":32}}},"13":{"name":"(anonymous_18)","decl":{"start":{"line":62,"column":31},"end":{"line":62,"column":32}},"loc":{"start":{"line":62,"column":63},"end":{"line":62,"column":null}}},"14":{"name":"(anonymous_19)","decl":{"start":{"line":68,"column":17},"end":{"line":68,"column":null}},"loc":{"start":{"line":71,"column":42},"end":{"line":72,"column":6}}},"15":{"name":"(anonymous_20)","decl":{"start":{"line":72,"column":5},"end":{"line":72,"column":6}},"loc":{"start":{"line":72,"column":37},"end":{"line":98,"column":1}}},"16":{"name":"(anonymous_21)","decl":{"start":{"line":102,"column":17},"end":{"line":102,"column":18}},"loc":{"start":{"line":102,"column":49},"end":{"line":103,"column":3}}},"17":{"name":"(anonymous_22)","decl":{"start":{"line":115,"column":14},"end":{"line":115,"column":15}},"loc":{"start":{"line":115,"column":46},"end":{"line":148,"column":1}}},"18":{"name":"(anonymous_23)","decl":{"start":{"line":150,"column":17},"end":{"line":150,"column":18}},"loc":{"start":{"line":150,"column":52},"end":{"line":184,"column":1}}},"19":{"name":"(anonymous_24)","decl":{"start":{"line":188,"column":13},"end":{"line":188,"column":34}},"loc":{"start":{"line":188,"column":38},"end":{"line":188,"column":44}}},"20":{"name":"(anonymous_25)","decl":{"start":{"line":188,"column":43},"end":{"line":188,"column":44}},"loc":{"start":{"line":188,"column":43},"end":{"line":194,"column":1}}},"21":{"name":"(anonymous_26)","decl":{"start":{"line":200,"column":19},"end":{"line":200,"column":20}},"loc":{"start":{"line":200,"column":53},"end":{"line":201,"column":6}}},"22":{"name":"(anonymous_27)","decl":{"start":{"line":205,"column":8},"end":{"line":205,"column":9}},"loc":{"start":{"line":205,"column":23},"end":{"line":205,"column":35}}},"23":{"name":"(anonymous_28)","decl":{"start":{"line":206,"column":8},"end":{"line":206,"column":9}},"loc":{"start":{"line":206,"column":23},"end":{"line":206,"column":35}}},"24":{"name":"(anonymous_29)","decl":{"start":{"line":207,"column":9},"end":{"line":207,"column":10}},"loc":{"start":{"line":207,"column":24},"end":{"line":207,"column":36}}}},"branchMap":{"0":{"loc":{"start":{"line":17,"column":6},"end":{"line":17,"column":null}},"type":"cond-expr","locations":[{"start":{"line":17,"column":6},"end":{"line":17,"column":null}},{"start":{"line":18,"column":6},"end":{"line":18,"column":35}}]},"1":{"loc":{"start":{"line":24,"column":16},"end":{"line":24,"column":21}},"type":"cond-expr","locations":[{"start":{"line":24,"column":16},"end":{"line":24,"column":21}},{"start":{"line":24,"column":24},"end":{"line":24,"column":25}}]},"2":{"loc":{"start":{"line":30,"column":21},"end":{"line":30,"column":25}},"type":"cond-expr","locations":[{"start":{"line":30,"column":21},"end":{"line":30,"column":25}},{"start":{"line":30,"column":28},"end":{"line":30,"column":68}}]},"3":{"loc":{"start":{"line":46,"column":4},"end":{"line":46,"column":null}},"type":"if","locations":[{"start":{"line":46,"column":4},"end":{"line":46,"column":null}},{"start":{"line":46,"column":4},"end":{"line":46,"column":null}}]},"4":{"loc":{"start":{"line":47,"column":4},"end":{"line":47,"column":null}},"type":"if","locations":[{"start":{"line":47,"column":4},"end":{"line":47,"column":null}},{"start":{"line":47,"column":4},"end":{"line":47,"column":null}}]},"5":{"loc":{"start":{"line":71,"column":2},"end":{"line":71,"column":null}},"type":"if","locations":[{"start":{"line":71,"column":2},"end":{"line":71,"column":null}},{"start":{"line":71,"column":2},"end":{"line":71,"column":null}}]},"6":{"loc":{"start":{"line":76,"column":2},"end":{"line":78,"column":null}},"type":"if","locations":[{"start":{"line":76,"column":2},"end":{"line":78,"column":null}},{"start":{"line":76,"column":2},"end":{"line":78,"column":null}}]},"7":{"loc":{"start":{"line":80,"column":2},"end":{"line":93,"column":null}},"type":"if","locations":[{"start":{"line":80,"column":2},"end":{"line":93,"column":null}},{"start":{"line":80,"column":2},"end":{"line":93,"column":null}}]},"8":{"loc":{"start":{"line":80,"column":13},"end":{"line":80,"column":16}},"type":"cond-expr","locations":[{"start":{"line":80,"column":13},"end":{"line":80,"column":16}},{"start":{"line":80,"column":6},"end":{"line":80,"column":25}}]},"9":{"loc":{"start":{"line":80,"column":6},"end":{"line":80,"column":16}},"type":"binary-expr","locations":[{"start":{"line":80,"column":6},"end":{"line":80,"column":16}},{"start":{"line":80,"column":6},"end":{"line":80,"column":16}}]},"10":{"loc":{"start":{"line":83,"column":4},"end":{"line":85,"column":null}},"type":"if","locations":[{"start":{"line":83,"column":4},"end":{"line":85,"column":null}},{"start":{"line":83,"column":4},"end":{"line":85,"column":null}}]},"11":{"loc":{"start":{"line":89,"column":4},"end":{"line":89,"column":79}},"type":"if","locations":[{"start":{"line":89,"column":4},"end":{"line":89,"column":79}},{"start":{"line":89,"column":4},"end":{"line":89,"column":79}}]},"12":{"loc":{"start":{"line":90,"column":4},"end":{"line":90,"column":67}},"type":"if","locations":[{"start":{"line":90,"column":4},"end":{"line":90,"column":67}},{"start":{"line":90,"column":4},"end":{"line":90,"column":67}}]},"13":{"loc":{"start":{"line":95,"column":29},"end":{"line":95,"column":62}},"type":"cond-expr","locations":[{"start":{"line":95,"column":29},"end":{"line":95,"column":62}},{"start":{"line":95,"column":65},"end":{"line":95,"column":74}}]},"14":{"loc":{"start":{"line":104,"column":5},"end":{"line":104,"column":null}},"type":"cond-expr","locations":[{"start":{"line":104,"column":5},"end":{"line":104,"column":null}},{"start":{"line":105,"column":6},"end":{"line":105,"column":11}}]},"15":{"loc":{"start":{"line":103,"column":2},"end":{"line":103,"column":10}},"type":"binary-expr","locations":[{"start":{"line":103,"column":2},"end":{"line":103,"column":10}},{"start":{"line":103,"column":14},"end":{"line":103,"column":36}},{"start":{"line":103,"column":40},"end":{"line":103,"column":63}}]},"16":{"loc":{"start":{"line":103,"column":21},"end":{"line":103,"column":23}},"type":"cond-expr","locations":[{"start":{"line":103,"column":21},"end":{"line":103,"column":23}},{"start":{"line":103,"column":14},"end":{"line":103,"column":36}}]},"17":{"loc":{"start":{"line":103,"column":14},"end":{"line":103,"column":23}},"type":"binary-expr","locations":[{"start":{"line":103,"column":14},"end":{"line":103,"column":23}},{"start":{"line":103,"column":14},"end":{"line":103,"column":23}}]},"18":{"loc":{"start":{"line":103,"column":47},"end":{"line":103,"column":49}},"type":"cond-expr","locations":[{"start":{"line":103,"column":47},"end":{"line":103,"column":49}},{"start":{"line":103,"column":40},"end":{"line":103,"column":63}}]},"19":{"loc":{"start":{"line":103,"column":40},"end":{"line":103,"column":49}},"type":"binary-expr","locations":[{"start":{"line":103,"column":40},"end":{"line":103,"column":49}},{"start":{"line":103,"column":40},"end":{"line":103,"column":49}}]},"20":{"loc":{"start":{"line":118,"column":30},"end":{"line":118,"column":47}},"type":"cond-expr","locations":[{"start":{"line":118,"column":30},"end":{"line":118,"column":47}},{"start":{"line":118,"column":50},"end":{"line":118,"column":60}}]},"21":{"loc":{"start":{"line":126,"column":44},"end":{"line":126,"column":51}},"type":"cond-expr","locations":[{"start":{"line":126,"column":44},"end":{"line":126,"column":51}},{"start":{"line":126,"column":54},"end":{"line":126,"column":68}}]},"22":{"loc":{"start":{"line":130,"column":2},"end":{"line":134,"column":null}},"type":"if","locations":[{"start":{"line":130,"column":2},"end":{"line":134,"column":null}},{"start":{"line":130,"column":2},"end":{"line":134,"column":null}}]},"23":{"loc":{"start":{"line":136,"column":10},"end":{"line":136,"column":22}},"type":"cond-expr","locations":[{"start":{"line":136,"column":10},"end":{"line":136,"column":22}},{"start":{"line":136,"column":10},"end":{"line":136,"column":22}}]},"24":{"loc":{"start":{"line":139,"column":10},"end":{"line":139,"column":22}},"type":"cond-expr","locations":[{"start":{"line":139,"column":10},"end":{"line":139,"column":22}},{"start":{"line":139,"column":10},"end":{"line":139,"column":22}}]},"25":{"loc":{"start":{"line":143,"column":39},"end":{"line":143,"column":41}},"type":"cond-expr","locations":[{"start":{"line":143,"column":39},"end":{"line":143,"column":41}},{"start":{"line":143,"column":35},"end":{"line":143,"column":54}}]},"26":{"loc":{"start":{"line":143,"column":35},"end":{"line":143,"column":41}},"type":"binary-expr","locations":[{"start":{"line":143,"column":35},"end":{"line":143,"column":41}},{"start":{"line":143,"column":35},"end":{"line":143,"column":41}}]},"27":{"loc":{"start":{"line":152,"column":8},"end":{"line":152,"column":9}},"type":"binary-expr","locations":[{"start":{"line":152,"column":8},"end":{"line":152,"column":9}},{"start":{"line":152,"column":8},"end":{"line":152,"column":9}}]},"28":{"loc":{"start":{"line":155,"column":8},"end":{"line":155,"column":11}},"type":"binary-expr","locations":[{"start":{"line":155,"column":8},"end":{"line":155,"column":11}},{"start":{"line":155,"column":8},"end":{"line":155,"column":11}}]},"29":{"loc":{"start":{"line":158,"column":8},"end":{"line":158,"column":11}},"type":"binary-expr","locations":[{"start":{"line":158,"column":8},"end":{"line":158,"column":11}},{"start":{"line":158,"column":8},"end":{"line":158,"column":11}}]},"30":{"loc":{"start":{"line":172,"column":6},"end":{"line":172,"column":43}},"type":"cond-expr","locations":[{"start":{"line":172,"column":6},"end":{"line":172,"column":43}},{"start":{"line":173,"column":6},"end":{"line":174,"column":null}}]}},"s":{"0":1,"1":1,"2":1,"3":1,"4":1,"5":1,"6":13,"7":3,"8":72,"9":18,"10":42,"11":1,"12":0,"13":0,"14":0,"15":0,"16":1,"17":0,"18":0,"19":1,"20":6,"21":6,"22":1,"23":5,"24":1,"25":7,"26":7,"27":7,"28":7,"29":7,"30":7,"31":0,"32":7,"33":7,"34":0,"35":7,"36":7,"37":1,"38":2,"39":1,"40":1,"41":6,"42":1,"43":3,"44":2,"45":12,"46":12,"47":4,"48":8,"49":3,"50":3,"51":0,"52":3,"53":3,"54":3,"55":3,"56":3,"57":3,"58":0,"59":0,"60":0,"61":5,"62":5,"63":1,"64":6,"65":1,"66":1,"67":1,"68":6,"69":6,"70":6,"71":6,"72":6,"73":6,"74":4,"75":4,"76":2,"77":2,"78":2,"79":2,"80":2,"81":2,"82":1,"83":0,"84":0,"85":0,"86":0,"87":0,"88":0,"89":0,"90":0,"91":0,"92":0,"93":0,"94":0,"95":0,"96":0,"97":0,"98":1,"99":6,"100":24,"101":6,"102":6,"103":0,"104":1,"105":1,"106":6,"107":1,"108":0,"109":0,"110":0,"111":1},"f":{"0":3,"1":18,"2":42,"3":0,"4":0,"5":0,"6":0,"7":6,"8":5,"9":7,"10":7,"11":2,"12":1,"13":6,"14":2,"15":12,"16":6,"17":6,"18":0,"19":6,"20":6,"21":6,"22":0,"23":0,"24":0},"b":{"0":[0,0],"1":[0,0],"2":[1,5],"3":[0,7],"4":[7,0],"5":[1,1],"6":[4,8],"7":[3,5],"8":[2,6],"9":[8,8],"10":[0,3],"11":[3,0],"12":[0,0],"13":[4,1],"14":[5,1],"15":[6,5,2],"16":[0,5],"17":[5,5],"18":[0,2],"19":[2,2],"20":[5,1],"21":[5,1],"22":[4,2],"23":[2,6],"24":[6,8],"25":[0,2],"26":[2,2],"27":[0,0],"28":[0,0],"29":[0,0],"30":[0,0]}}
,"/Users/ericmorrison/Documents/code/playground/custom-npm-packages/jotsy/src/assets/colors.ts": {"path":"/Users/ericmorrison/Documents/code/playground/custom-npm-packages/jotsy/src/assets/colors.ts","statementMap":{"0":{"start":{"line":1,"column":13},"end":{"line":144,"column":null}}},"fnMap":{},"branchMap":{},"s":{"0":1},"f":{},"b":{}}
}
