TN:
SF:src/index.ts
FN:10,(anonymous_5)
FN:10,(anonymous_6)
FN:11,(anonymous_7)
FN:15,(anonymous_8)
FN:18,(anonymous_9)
FN:22,(anonymous_10)
FN:22,(anonymous_11)
FN:26,(anonymous_12)
FN:35,(anonymous_13)
FN:39,(anonymous_14)
FN:45,(anonymous_15)
FN:58,(anonymous_16)
FN:62,(anonymous_17)
FN:62,(anonymous_18)
FN:68,(anonymous_19)
FN:72,(anonymous_20)
FN:102,(anonymous_21)
FN:115,(anonymous_22)
FN:150,(anonymous_23)
FN:188,(anonymous_24)
FN:188,(anonymous_25)
FN:200,(anonymous_26)
FN:205,(anonymous_27)
FN:206,(anonymous_28)
FN:207,(anonymous_29)
FNF:25
FNH:17
FNDA:3,(anonymous_5)
FNDA:18,(anonymous_6)
FNDA:42,(anonymous_7)
FNDA:0,(anonymous_8)
FNDA:0,(anonymous_9)
FNDA:0,(anonymous_10)
FNDA:0,(anonymous_11)
FNDA:6,(anonymous_12)
FNDA:5,(anonymous_13)
FNDA:7,(anonymous_14)
FNDA:7,(anonymous_15)
FNDA:2,(anonymous_16)
FNDA:1,(anonymous_17)
FNDA:6,(anonymous_18)
FNDA:2,(anonymous_19)
FNDA:12,(anonymous_20)
FNDA:6,(anonymous_21)
FNDA:6,(anonymous_22)
FNDA:0,(anonymous_23)
FNDA:6,(anonymous_24)
FNDA:6,(anonymous_25)
FNDA:6,(anonymous_26)
FNDA:0,(anonymous_27)
FNDA:0,(anonymous_28)
FNDA:0,(anonymous_29)
DA:1,1
DA:2,1
DA:3,1
DA:5,1
DA:6,1
DA:10,72
DA:11,42
DA:15,1
DA:16,0
DA:18,0
DA:22,1
DA:24,0
DA:26,1
DA:28,6
DA:30,6
DA:35,5
DA:39,1
DA:40,7
DA:41,7
DA:42,7
DA:43,7
DA:45,7
DA:46,7
DA:47,7
DA:48,0
DA:51,7
DA:53,7
DA:58,2
DA:62,6
DA:68,1
DA:71,3
DA:72,2
DA:73,12
DA:76,12
DA:77,4
DA:80,8
DA:81,3
DA:83,3
DA:84,0
DA:87,3
DA:89,3
DA:90,0
DA:92,0
DA:95,5
DA:97,5
DA:102,1
DA:103,6
DA:107,1
DA:111,1
DA:115,1
DA:116,6
DA:118,6
DA:120,6
DA:126,6
DA:128,6
DA:130,6
DA:131,4
DA:133,4
DA:136,2
DA:139,2
DA:143,2
DA:144,2
DA:145,2
DA:147,2
DA:150,1
DA:152,0
DA:155,0
DA:158,0
DA:161,0
DA:162,0
DA:165,0
DA:168,0
DA:171,0
DA:177,0
DA:180,0
DA:183,0
DA:188,24
DA:189,6
DA:190,6
DA:192,0
DA:198,1
DA:200,1
DA:201,6
DA:203,1
DA:205,0
DA:206,0
DA:207,0
DA:210,1
LF:88
LH:66
BRDA:17,0,0,0
BRDA:17,0,1,0
BRDA:24,1,0,0
BRDA:24,1,1,0
BRDA:30,2,0,1
BRDA:30,2,1,5
BRDA:46,3,0,0
BRDA:46,3,1,7
BRDA:47,4,0,7
BRDA:47,4,1,0
BRDA:71,5,0,1
BRDA:71,5,1,1
BRDA:76,6,0,4
BRDA:76,6,1,8
BRDA:80,7,0,3
BRDA:80,7,1,5
BRDA:80,8,0,2
BRDA:80,8,1,6
BRDA:80,9,0,8
BRDA:80,9,1,8
BRDA:83,10,0,0
BRDA:83,10,1,3
BRDA:89,11,0,3
BRDA:89,11,1,0
BRDA:90,12,0,0
BRDA:90,12,1,0
BRDA:95,13,0,4
BRDA:95,13,1,1
BRDA:104,14,0,5
BRDA:104,14,1,1
BRDA:103,15,0,6
BRDA:103,15,1,5
BRDA:103,15,2,2
BRDA:103,16,0,0
BRDA:103,16,1,5
BRDA:103,17,0,5
BRDA:103,17,1,5
BRDA:103,18,0,0
BRDA:103,18,1,2
BRDA:103,19,0,2
BRDA:103,19,1,2
BRDA:118,20,0,5
BRDA:118,20,1,1
BRDA:126,21,0,5
BRDA:126,21,1,1
BRDA:130,22,0,4
BRDA:130,22,1,2
BRDA:136,23,0,2
BRDA:136,23,1,6
BRDA:139,24,0,6
BRDA:139,24,1,8
BRDA:143,25,0,0
BRDA:143,25,1,2
BRDA:143,26,0,2
BRDA:143,26,1,2
BRDA:152,27,0,0
BRDA:152,27,1,0
BRDA:155,28,0,0
BRDA:155,28,1,0
BRDA:158,29,0,0
BRDA:158,29,1,0
BRDA:172,30,0,0
BRDA:172,30,1,0
BRF:63
BRH:42
end_of_record
TN:
SF:src/assets/colors.ts
FNF:0
FNH:0
DA:1,1
LF:1
LH:1
BRF:0
BRH:0
end_of_record
